[2025-10-30T08:27:13.276+0000] {processor.py:161} INFO - Started process (PID=165) to work on /opt/airflow/dags/api_to_postgres_dag.py
[2025-10-30T08:27:13.280+0000] {processor.py:830} INFO - Processing file /opt/airflow/dags/api_to_postgres_dag.py for tasks to queue
[2025-10-30T08:27:13.297+0000] {logging_mixin.py:188} INFO - [2025-10-30T08:27:13.289+0000] {dagbag.py:545} INFO - Filling up the DagBag from /opt/airflow/dags/api_to_postgres_dag.py
[2025-10-30T08:27:17.736+0000] {processor.py:840} INFO - DAG(s) 'api_to_postgres_dag' retrieved from /opt/airflow/dags/api_to_postgres_dag.py
[2025-10-30T08:27:18.446+0000] {logging_mixin.py:188} INFO - [2025-10-30T08:27:18.445+0000] {override.py:1829} INFO - Created Permission View: can read on DAG:api_to_postgres_dag
[2025-10-30T08:27:18.468+0000] {logging_mixin.py:188} INFO - [2025-10-30T08:27:18.468+0000] {override.py:1829} INFO - Created Permission View: can delete on DAG:api_to_postgres_dag
[2025-10-30T08:27:18.487+0000] {logging_mixin.py:188} INFO - [2025-10-30T08:27:18.486+0000] {override.py:1829} INFO - Created Permission View: can edit on DAG:api_to_postgres_dag
[2025-10-30T08:27:18.488+0000] {logging_mixin.py:188} INFO - [2025-10-30T08:27:18.488+0000] {dag.py:3096} INFO - Sync 1 DAGs
[2025-10-30T08:27:18.510+0000] {logging_mixin.py:188} INFO - [2025-10-30T08:27:18.510+0000] {dag.py:3118} INFO - Creating ORM DAG for api_to_postgres_dag
[2025-10-30T08:27:18.534+0000] {logging_mixin.py:188} INFO - [2025-10-30T08:27:18.533+0000] {dag.py:3954} INFO - Setting next_dagrun for api_to_postgres_dag to 2025-10-29 00:00:00+00:00, run_after=2025-10-30 00:00:00+00:00
[2025-10-30T08:27:18.585+0000] {processor.py:183} INFO - Processing /opt/airflow/dags/api_to_postgres_dag.py took 5.333 seconds
[2025-10-30T08:27:48.698+0000] {processor.py:161} INFO - Started process (PID=171) to work on /opt/airflow/dags/api_to_postgres_dag.py
[2025-10-30T08:27:48.701+0000] {processor.py:830} INFO - Processing file /opt/airflow/dags/api_to_postgres_dag.py for tasks to queue
[2025-10-30T08:27:48.706+0000] {logging_mixin.py:188} INFO - [2025-10-30T08:27:48.705+0000] {dagbag.py:545} INFO - Filling up the DagBag from /opt/airflow/dags/api_to_postgres_dag.py
[2025-10-30T08:27:50.565+0000] {processor.py:840} INFO - DAG(s) 'api_to_postgres_dag' retrieved from /opt/airflow/dags/api_to_postgres_dag.py
[2025-10-30T08:27:50.621+0000] {logging_mixin.py:188} INFO - [2025-10-30T08:27:50.620+0000] {dag.py:3096} INFO - Sync 1 DAGs
[2025-10-30T08:27:50.665+0000] {logging_mixin.py:188} INFO - [2025-10-30T08:27:50.665+0000] {dag.py:3954} INFO - Setting next_dagrun for api_to_postgres_dag to 2025-10-29 00:00:00+00:00, run_after=2025-10-30 00:00:00+00:00
[2025-10-30T08:27:50.694+0000] {processor.py:183} INFO - Processing /opt/airflow/dags/api_to_postgres_dag.py took 2.014 seconds
[2025-10-30T08:28:20.907+0000] {processor.py:161} INFO - Started process (PID=177) to work on /opt/airflow/dags/api_to_postgres_dag.py
[2025-10-30T08:28:20.908+0000] {processor.py:830} INFO - Processing file /opt/airflow/dags/api_to_postgres_dag.py for tasks to queue
[2025-10-30T08:28:20.912+0000] {logging_mixin.py:188} INFO - [2025-10-30T08:28:20.911+0000] {dagbag.py:545} INFO - Filling up the DagBag from /opt/airflow/dags/api_to_postgres_dag.py
[2025-10-30T08:28:21.518+0000] {processor.py:840} INFO - DAG(s) 'api_to_postgres_dag' retrieved from /opt/airflow/dags/api_to_postgres_dag.py
[2025-10-30T08:28:21.552+0000] {logging_mixin.py:188} INFO - [2025-10-30T08:28:21.551+0000] {dag.py:3096} INFO - Sync 1 DAGs
[2025-10-30T08:28:21.575+0000] {logging_mixin.py:188} INFO - [2025-10-30T08:28:21.575+0000] {dag.py:3954} INFO - Setting next_dagrun for api_to_postgres_dag to 2025-10-29 00:00:00+00:00, run_after=2025-10-30 00:00:00+00:00
[2025-10-30T08:28:21.603+0000] {processor.py:183} INFO - Processing /opt/airflow/dags/api_to_postgres_dag.py took 0.713 seconds
[2025-10-30T08:28:52.010+0000] {processor.py:161} INFO - Started process (PID=183) to work on /opt/airflow/dags/api_to_postgres_dag.py
[2025-10-30T08:28:52.011+0000] {processor.py:830} INFO - Processing file /opt/airflow/dags/api_to_postgres_dag.py for tasks to queue
[2025-10-30T08:28:52.014+0000] {logging_mixin.py:188} INFO - [2025-10-30T08:28:52.014+0000] {dagbag.py:545} INFO - Filling up the DagBag from /opt/airflow/dags/api_to_postgres_dag.py
[2025-10-30T08:28:52.714+0000] {processor.py:840} INFO - DAG(s) 'api_to_postgres_dag' retrieved from /opt/airflow/dags/api_to_postgres_dag.py
[2025-10-30T08:28:52.782+0000] {logging_mixin.py:188} INFO - [2025-10-30T08:28:52.781+0000] {dag.py:3096} INFO - Sync 1 DAGs
[2025-10-30T08:28:52.830+0000] {logging_mixin.py:188} INFO - [2025-10-30T08:28:52.830+0000] {dag.py:3954} INFO - Setting next_dagrun for api_to_postgres_dag to 2025-10-29 00:00:00+00:00, run_after=2025-10-30 00:00:00+00:00
[2025-10-30T08:28:52.869+0000] {processor.py:183} INFO - Processing /opt/airflow/dags/api_to_postgres_dag.py took 0.868 seconds
[2025-10-30T08:29:23.151+0000] {processor.py:161} INFO - Started process (PID=189) to work on /opt/airflow/dags/api_to_postgres_dag.py
[2025-10-30T08:29:23.153+0000] {processor.py:830} INFO - Processing file /opt/airflow/dags/api_to_postgres_dag.py for tasks to queue
[2025-10-30T08:29:23.156+0000] {logging_mixin.py:188} INFO - [2025-10-30T08:29:23.155+0000] {dagbag.py:545} INFO - Filling up the DagBag from /opt/airflow/dags/api_to_postgres_dag.py
[2025-10-30T08:29:23.773+0000] {processor.py:840} INFO - DAG(s) 'api_to_postgres_dag' retrieved from /opt/airflow/dags/api_to_postgres_dag.py
[2025-10-30T08:29:23.825+0000] {logging_mixin.py:188} INFO - [2025-10-30T08:29:23.824+0000] {dag.py:3096} INFO - Sync 1 DAGs
[2025-10-30T08:29:23.865+0000] {logging_mixin.py:188} INFO - [2025-10-30T08:29:23.864+0000] {dag.py:3954} INFO - Setting next_dagrun for api_to_postgres_dag to 2025-10-29 00:00:00+00:00, run_after=2025-10-30 00:00:00+00:00
[2025-10-30T08:29:23.900+0000] {processor.py:183} INFO - Processing /opt/airflow/dags/api_to_postgres_dag.py took 0.757 seconds
[2025-10-30T08:29:54.155+0000] {processor.py:161} INFO - Started process (PID=195) to work on /opt/airflow/dags/api_to_postgres_dag.py
[2025-10-30T08:29:54.157+0000] {processor.py:830} INFO - Processing file /opt/airflow/dags/api_to_postgres_dag.py for tasks to queue
[2025-10-30T08:29:54.160+0000] {logging_mixin.py:188} INFO - [2025-10-30T08:29:54.159+0000] {dagbag.py:545} INFO - Filling up the DagBag from /opt/airflow/dags/api_to_postgres_dag.py
[2025-10-30T08:29:54.863+0000] {processor.py:840} INFO - DAG(s) 'api_to_postgres_dag' retrieved from /opt/airflow/dags/api_to_postgres_dag.py
[2025-10-30T08:29:54.899+0000] {logging_mixin.py:188} INFO - [2025-10-30T08:29:54.899+0000] {dag.py:3096} INFO - Sync 1 DAGs
[2025-10-30T08:29:54.925+0000] {logging_mixin.py:188} INFO - [2025-10-30T08:29:54.924+0000] {dag.py:3954} INFO - Setting next_dagrun for api_to_postgres_dag to 2025-10-29 00:00:00+00:00, run_after=2025-10-30 00:00:00+00:00
[2025-10-30T08:29:54.948+0000] {processor.py:183} INFO - Processing /opt/airflow/dags/api_to_postgres_dag.py took 0.801 seconds
[2025-10-30T08:30:25.219+0000] {processor.py:161} INFO - Started process (PID=201) to work on /opt/airflow/dags/api_to_postgres_dag.py
[2025-10-30T08:30:25.220+0000] {processor.py:830} INFO - Processing file /opt/airflow/dags/api_to_postgres_dag.py for tasks to queue
[2025-10-30T08:30:25.222+0000] {logging_mixin.py:188} INFO - [2025-10-30T08:30:25.222+0000] {dagbag.py:545} INFO - Filling up the DagBag from /opt/airflow/dags/api_to_postgres_dag.py
[2025-10-30T08:30:25.976+0000] {processor.py:840} INFO - DAG(s) 'api_to_postgres_dag' retrieved from /opt/airflow/dags/api_to_postgres_dag.py
[2025-10-30T08:30:26.045+0000] {logging_mixin.py:188} INFO - [2025-10-30T08:30:26.044+0000] {dag.py:3096} INFO - Sync 1 DAGs
[2025-10-30T08:30:26.086+0000] {logging_mixin.py:188} INFO - [2025-10-30T08:30:26.086+0000] {dag.py:3954} INFO - Setting next_dagrun for api_to_postgres_dag to 2025-10-29 00:00:00+00:00, run_after=2025-10-30 00:00:00+00:00
[2025-10-30T08:30:26.115+0000] {processor.py:183} INFO - Processing /opt/airflow/dags/api_to_postgres_dag.py took 0.903 seconds
[2025-10-30T08:30:32.294+0000] {processor.py:161} INFO - Started process (PID=207) to work on /opt/airflow/dags/api_to_postgres_dag.py
[2025-10-30T08:30:32.295+0000] {processor.py:830} INFO - Processing file /opt/airflow/dags/api_to_postgres_dag.py for tasks to queue
[2025-10-30T08:30:32.298+0000] {logging_mixin.py:188} INFO - [2025-10-30T08:30:32.297+0000] {dagbag.py:545} INFO - Filling up the DagBag from /opt/airflow/dags/api_to_postgres_dag.py
[2025-10-30T08:30:32.917+0000] {processor.py:840} INFO - DAG(s) 'api_to_postgres_dag' retrieved from /opt/airflow/dags/api_to_postgres_dag.py
[2025-10-30T08:30:33.104+0000] {logging_mixin.py:188} INFO - [2025-10-30T08:30:33.103+0000] {dag.py:3096} INFO - Sync 1 DAGs
[2025-10-30T08:30:33.130+0000] {logging_mixin.py:188} INFO - [2025-10-30T08:30:33.130+0000] {dag.py:3954} INFO - Setting next_dagrun for api_to_postgres_dag to 2025-10-29 00:00:00+00:00, run_after=2025-10-30 00:00:00+00:00
[2025-10-30T08:30:33.164+0000] {processor.py:183} INFO - Processing /opt/airflow/dags/api_to_postgres_dag.py took 0.880 seconds
[2025-10-30T08:32:20.298+0000] {processor.py:161} INFO - Started process (PID=164) to work on /opt/airflow/dags/api_to_postgres_dag.py
[2025-10-30T08:32:20.303+0000] {processor.py:830} INFO - Processing file /opt/airflow/dags/api_to_postgres_dag.py for tasks to queue
[2025-10-30T08:32:20.310+0000] {logging_mixin.py:188} INFO - [2025-10-30T08:32:20.308+0000] {dagbag.py:545} INFO - Filling up the DagBag from /opt/airflow/dags/api_to_postgres_dag.py
[2025-10-30T08:32:30.063+0000] {processor.py:840} INFO - DAG(s) 'api_to_postgres_dag' retrieved from /opt/airflow/dags/api_to_postgres_dag.py
[2025-10-30T08:32:30.184+0000] {logging_mixin.py:188} INFO - [2025-10-30T08:32:30.183+0000] {dag.py:3096} INFO - Sync 1 DAGs
[2025-10-30T08:32:30.275+0000] {logging_mixin.py:188} INFO - [2025-10-30T08:32:30.275+0000] {dag.py:3954} INFO - Setting next_dagrun for api_to_postgres_dag to 2025-10-29 00:00:00+00:00, run_after=2025-10-30 00:00:00+00:00
[2025-10-30T08:32:30.380+0000] {processor.py:183} INFO - Processing /opt/airflow/dags/api_to_postgres_dag.py took 10.100 seconds
[2025-10-30T08:33:00.727+0000] {processor.py:161} INFO - Started process (PID=170) to work on /opt/airflow/dags/api_to_postgres_dag.py
[2025-10-30T08:33:00.729+0000] {processor.py:830} INFO - Processing file /opt/airflow/dags/api_to_postgres_dag.py for tasks to queue
[2025-10-30T08:33:00.731+0000] {logging_mixin.py:188} INFO - [2025-10-30T08:33:00.731+0000] {dagbag.py:545} INFO - Filling up the DagBag from /opt/airflow/dags/api_to_postgres_dag.py
[2025-10-30T08:33:01.536+0000] {processor.py:840} INFO - DAG(s) 'api_to_postgres_dag' retrieved from /opt/airflow/dags/api_to_postgres_dag.py
[2025-10-30T08:33:01.858+0000] {logging_mixin.py:188} INFO - [2025-10-30T08:33:01.857+0000] {dag.py:3096} INFO - Sync 1 DAGs
[2025-10-30T08:33:01.887+0000] {logging_mixin.py:188} INFO - [2025-10-30T08:33:01.887+0000] {dag.py:3954} INFO - Setting next_dagrun for api_to_postgres_dag to 2025-10-29 00:00:00+00:00, run_after=2025-10-30 00:00:00+00:00
[2025-10-30T08:33:01.912+0000] {processor.py:183} INFO - Processing /opt/airflow/dags/api_to_postgres_dag.py took 1.194 seconds
[2025-10-30T08:33:32.244+0000] {processor.py:161} INFO - Started process (PID=176) to work on /opt/airflow/dags/api_to_postgres_dag.py
[2025-10-30T08:33:32.252+0000] {processor.py:830} INFO - Processing file /opt/airflow/dags/api_to_postgres_dag.py for tasks to queue
[2025-10-30T08:33:32.260+0000] {logging_mixin.py:188} INFO - [2025-10-30T08:33:32.259+0000] {dagbag.py:545} INFO - Filling up the DagBag from /opt/airflow/dags/api_to_postgres_dag.py
[2025-10-30T08:33:33.374+0000] {processor.py:840} INFO - DAG(s) 'api_to_postgres_dag' retrieved from /opt/airflow/dags/api_to_postgres_dag.py
[2025-10-30T08:33:33.446+0000] {logging_mixin.py:188} INFO - [2025-10-30T08:33:33.446+0000] {dag.py:3096} INFO - Sync 1 DAGs
[2025-10-30T08:33:33.502+0000] {logging_mixin.py:188} INFO - [2025-10-30T08:33:33.501+0000] {dag.py:3954} INFO - Setting next_dagrun for api_to_postgres_dag to 2025-10-29 00:00:00+00:00, run_after=2025-10-30 00:00:00+00:00
[2025-10-30T08:33:33.544+0000] {processor.py:183} INFO - Processing /opt/airflow/dags/api_to_postgres_dag.py took 1.321 seconds
[2025-10-30T08:34:03.872+0000] {processor.py:161} INFO - Started process (PID=182) to work on /opt/airflow/dags/api_to_postgres_dag.py
[2025-10-30T08:34:03.874+0000] {processor.py:830} INFO - Processing file /opt/airflow/dags/api_to_postgres_dag.py for tasks to queue
[2025-10-30T08:34:03.877+0000] {logging_mixin.py:188} INFO - [2025-10-30T08:34:03.876+0000] {dagbag.py:545} INFO - Filling up the DagBag from /opt/airflow/dags/api_to_postgres_dag.py
[2025-10-30T08:34:04.438+0000] {processor.py:840} INFO - DAG(s) 'api_to_postgres_dag' retrieved from /opt/airflow/dags/api_to_postgres_dag.py
[2025-10-30T08:34:04.478+0000] {logging_mixin.py:188} INFO - [2025-10-30T08:34:04.478+0000] {dag.py:3096} INFO - Sync 1 DAGs
[2025-10-30T08:34:04.511+0000] {logging_mixin.py:188} INFO - [2025-10-30T08:34:04.510+0000] {dag.py:3954} INFO - Setting next_dagrun for api_to_postgres_dag to 2025-10-29 00:00:00+00:00, run_after=2025-10-30 00:00:00+00:00
[2025-10-30T08:34:04.542+0000] {processor.py:183} INFO - Processing /opt/airflow/dags/api_to_postgres_dag.py took 0.677 seconds
[2025-10-30T08:34:34.765+0000] {processor.py:161} INFO - Started process (PID=188) to work on /opt/airflow/dags/api_to_postgres_dag.py
[2025-10-30T08:34:34.767+0000] {processor.py:830} INFO - Processing file /opt/airflow/dags/api_to_postgres_dag.py for tasks to queue
[2025-10-30T08:34:34.772+0000] {logging_mixin.py:188} INFO - [2025-10-30T08:34:34.771+0000] {dagbag.py:545} INFO - Filling up the DagBag from /opt/airflow/dags/api_to_postgres_dag.py
[2025-10-30T08:34:35.908+0000] {processor.py:840} INFO - DAG(s) 'api_to_postgres_dag' retrieved from /opt/airflow/dags/api_to_postgres_dag.py
[2025-10-30T08:34:35.992+0000] {logging_mixin.py:188} INFO - [2025-10-30T08:34:35.991+0000] {dag.py:3096} INFO - Sync 1 DAGs
[2025-10-30T08:34:36.052+0000] {logging_mixin.py:188} INFO - [2025-10-30T08:34:36.051+0000] {dag.py:3954} INFO - Setting next_dagrun for api_to_postgres_dag to 2025-10-29 00:00:00+00:00, run_after=2025-10-30 00:00:00+00:00
[2025-10-30T08:34:36.108+0000] {processor.py:183} INFO - Processing /opt/airflow/dags/api_to_postgres_dag.py took 1.359 seconds
[2025-10-30T08:35:06.397+0000] {processor.py:161} INFO - Started process (PID=194) to work on /opt/airflow/dags/api_to_postgres_dag.py
[2025-10-30T08:35:06.398+0000] {processor.py:830} INFO - Processing file /opt/airflow/dags/api_to_postgres_dag.py for tasks to queue
[2025-10-30T08:35:06.400+0000] {logging_mixin.py:188} INFO - [2025-10-30T08:35:06.400+0000] {dagbag.py:545} INFO - Filling up the DagBag from /opt/airflow/dags/api_to_postgres_dag.py
[2025-10-30T08:35:06.935+0000] {processor.py:840} INFO - DAG(s) 'api_to_postgres_dag' retrieved from /opt/airflow/dags/api_to_postgres_dag.py
[2025-10-30T08:35:06.966+0000] {logging_mixin.py:188} INFO - [2025-10-30T08:35:06.965+0000] {dag.py:3096} INFO - Sync 1 DAGs
[2025-10-30T08:35:06.985+0000] {logging_mixin.py:188} INFO - [2025-10-30T08:35:06.984+0000] {dag.py:3954} INFO - Setting next_dagrun for api_to_postgres_dag to 2025-10-29 00:00:00+00:00, run_after=2025-10-30 00:00:00+00:00
[2025-10-30T08:35:07.012+0000] {processor.py:183} INFO - Processing /opt/airflow/dags/api_to_postgres_dag.py took 0.622 seconds
[2025-10-30T08:35:37.279+0000] {processor.py:161} INFO - Started process (PID=200) to work on /opt/airflow/dags/api_to_postgres_dag.py
[2025-10-30T08:35:37.281+0000] {processor.py:830} INFO - Processing file /opt/airflow/dags/api_to_postgres_dag.py for tasks to queue
[2025-10-30T08:35:37.284+0000] {logging_mixin.py:188} INFO - [2025-10-30T08:35:37.283+0000] {dagbag.py:545} INFO - Filling up the DagBag from /opt/airflow/dags/api_to_postgres_dag.py
[2025-10-30T08:35:38.095+0000] {processor.py:840} INFO - DAG(s) 'api_to_postgres_dag' retrieved from /opt/airflow/dags/api_to_postgres_dag.py
[2025-10-30T08:35:38.136+0000] {logging_mixin.py:188} INFO - [2025-10-30T08:35:38.135+0000] {dag.py:3096} INFO - Sync 1 DAGs
[2025-10-30T08:35:38.160+0000] {logging_mixin.py:188} INFO - [2025-10-30T08:35:38.159+0000] {dag.py:3954} INFO - Setting next_dagrun for api_to_postgres_dag to 2025-10-29 00:00:00+00:00, run_after=2025-10-30 00:00:00+00:00
[2025-10-30T08:35:38.187+0000] {processor.py:183} INFO - Processing /opt/airflow/dags/api_to_postgres_dag.py took 0.916 seconds
[2025-10-30T08:36:08.510+0000] {processor.py:161} INFO - Started process (PID=206) to work on /opt/airflow/dags/api_to_postgres_dag.py
[2025-10-30T08:36:08.512+0000] {processor.py:830} INFO - Processing file /opt/airflow/dags/api_to_postgres_dag.py for tasks to queue
[2025-10-30T08:36:08.514+0000] {logging_mixin.py:188} INFO - [2025-10-30T08:36:08.514+0000] {dagbag.py:545} INFO - Filling up the DagBag from /opt/airflow/dags/api_to_postgres_dag.py
[2025-10-30T08:36:09.146+0000] {processor.py:840} INFO - DAG(s) 'api_to_postgres_dag' retrieved from /opt/airflow/dags/api_to_postgres_dag.py
[2025-10-30T08:36:09.189+0000] {logging_mixin.py:188} INFO - [2025-10-30T08:36:09.189+0000] {dag.py:3096} INFO - Sync 1 DAGs
[2025-10-30T08:36:09.213+0000] {logging_mixin.py:188} INFO - [2025-10-30T08:36:09.213+0000] {dag.py:3954} INFO - Setting next_dagrun for api_to_postgres_dag to 2025-10-29 00:00:00+00:00, run_after=2025-10-30 00:00:00+00:00
[2025-10-30T08:36:09.235+0000] {processor.py:183} INFO - Processing /opt/airflow/dags/api_to_postgres_dag.py took 0.733 seconds
[2025-10-30T08:36:39.870+0000] {processor.py:161} INFO - Started process (PID=212) to work on /opt/airflow/dags/api_to_postgres_dag.py
[2025-10-30T08:36:39.873+0000] {processor.py:830} INFO - Processing file /opt/airflow/dags/api_to_postgres_dag.py for tasks to queue
[2025-10-30T08:36:39.876+0000] {logging_mixin.py:188} INFO - [2025-10-30T08:36:39.875+0000] {dagbag.py:545} INFO - Filling up the DagBag from /opt/airflow/dags/api_to_postgres_dag.py
[2025-10-30T08:36:40.453+0000] {processor.py:840} INFO - DAG(s) 'api_to_postgres_dag' retrieved from /opt/airflow/dags/api_to_postgres_dag.py
[2025-10-30T08:36:40.521+0000] {logging_mixin.py:188} INFO - [2025-10-30T08:36:40.520+0000] {dag.py:3096} INFO - Sync 1 DAGs
[2025-10-30T08:36:40.567+0000] {logging_mixin.py:188} INFO - [2025-10-30T08:36:40.567+0000] {dag.py:3954} INFO - Setting next_dagrun for api_to_postgres_dag to 2025-10-29 00:00:00+00:00, run_after=2025-10-30 00:00:00+00:00
[2025-10-30T08:36:40.625+0000] {processor.py:183} INFO - Processing /opt/airflow/dags/api_to_postgres_dag.py took 0.772 seconds
[2025-10-30T08:37:10.931+0000] {processor.py:161} INFO - Started process (PID=218) to work on /opt/airflow/dags/api_to_postgres_dag.py
[2025-10-30T08:37:10.933+0000] {processor.py:830} INFO - Processing file /opt/airflow/dags/api_to_postgres_dag.py for tasks to queue
[2025-10-30T08:37:10.938+0000] {logging_mixin.py:188} INFO - [2025-10-30T08:37:10.937+0000] {dagbag.py:545} INFO - Filling up the DagBag from /opt/airflow/dags/api_to_postgres_dag.py
[2025-10-30T08:37:11.732+0000] {processor.py:840} INFO - DAG(s) 'api_to_postgres_dag' retrieved from /opt/airflow/dags/api_to_postgres_dag.py
[2025-10-30T08:37:11.803+0000] {logging_mixin.py:188} INFO - [2025-10-30T08:37:11.802+0000] {dag.py:3096} INFO - Sync 1 DAGs
[2025-10-30T08:37:11.869+0000] {logging_mixin.py:188} INFO - [2025-10-30T08:37:11.869+0000] {dag.py:3954} INFO - Setting next_dagrun for api_to_postgres_dag to 2025-10-29 00:00:00+00:00, run_after=2025-10-30 00:00:00+00:00
[2025-10-30T08:37:11.907+0000] {processor.py:183} INFO - Processing /opt/airflow/dags/api_to_postgres_dag.py took 0.991 seconds
[2025-10-30T08:37:42.231+0000] {processor.py:161} INFO - Started process (PID=224) to work on /opt/airflow/dags/api_to_postgres_dag.py
[2025-10-30T08:37:42.233+0000] {processor.py:830} INFO - Processing file /opt/airflow/dags/api_to_postgres_dag.py for tasks to queue
[2025-10-30T08:37:42.236+0000] {logging_mixin.py:188} INFO - [2025-10-30T08:37:42.236+0000] {dagbag.py:545} INFO - Filling up the DagBag from /opt/airflow/dags/api_to_postgres_dag.py
[2025-10-30T08:37:42.689+0000] {processor.py:840} INFO - DAG(s) 'api_to_postgres_dag' retrieved from /opt/airflow/dags/api_to_postgres_dag.py
[2025-10-30T08:37:42.732+0000] {logging_mixin.py:188} INFO - [2025-10-30T08:37:42.731+0000] {dag.py:3096} INFO - Sync 1 DAGs
[2025-10-30T08:37:42.768+0000] {logging_mixin.py:188} INFO - [2025-10-30T08:37:42.768+0000] {dag.py:3954} INFO - Setting next_dagrun for api_to_postgres_dag to 2025-10-29 00:00:00+00:00, run_after=2025-10-30 00:00:00+00:00
[2025-10-30T08:37:42.799+0000] {processor.py:183} INFO - Processing /opt/airflow/dags/api_to_postgres_dag.py took 0.586 seconds
[2025-10-30T08:38:13.044+0000] {processor.py:161} INFO - Started process (PID=230) to work on /opt/airflow/dags/api_to_postgres_dag.py
[2025-10-30T08:38:13.046+0000] {processor.py:830} INFO - Processing file /opt/airflow/dags/api_to_postgres_dag.py for tasks to queue
[2025-10-30T08:38:13.049+0000] {logging_mixin.py:188} INFO - [2025-10-30T08:38:13.049+0000] {dagbag.py:545} INFO - Filling up the DagBag from /opt/airflow/dags/api_to_postgres_dag.py
[2025-10-30T08:38:13.610+0000] {processor.py:840} INFO - DAG(s) 'api_to_postgres_dag' retrieved from /opt/airflow/dags/api_to_postgres_dag.py
[2025-10-30T08:38:13.670+0000] {logging_mixin.py:188} INFO - [2025-10-30T08:38:13.669+0000] {dag.py:3096} INFO - Sync 1 DAGs
[2025-10-30T08:38:13.702+0000] {logging_mixin.py:188} INFO - [2025-10-30T08:38:13.702+0000] {dag.py:3954} INFO - Setting next_dagrun for api_to_postgres_dag to 2025-10-29 00:00:00+00:00, run_after=2025-10-30 00:00:00+00:00
[2025-10-30T08:38:13.732+0000] {processor.py:183} INFO - Processing /opt/airflow/dags/api_to_postgres_dag.py took 0.698 seconds
