[2025-10-30T08:27:12.916+0000] {manager.py:470} INFO - Processing files using up to 2 processes at a time 
[2025-10-30T08:27:12.920+0000] {manager.py:471} INFO - Process each file at most once every 30 seconds
[2025-10-30T08:27:12.922+0000] {manager.py:472} INFO - Checking for new files in /opt/airflow/dags every 300 seconds
[2025-10-30T08:27:12.924+0000] {manager.py:737} INFO - Searching for files in /opt/airflow/dags
[2025-10-30T08:27:12.998+0000] {manager.py:740} INFO - There are 1 files in /opt/airflow/dags
[2025-10-30T08:27:13.344+0000] {manager.py:878} INFO - 
================================================================================
DAG File Processing Stats

File Path                                   PID  Runtime      # DAGs    # Errors  Last Runtime    Last Run
----------------------------------------  -----  ---------  --------  ----------  --------------  ----------
/opt/airflow/dags/api_to_postgres_dag.py    165  0.15s             0           0
================================================================================
[2025-10-30T08:27:43.590+0000] {manager.py:878} INFO - 
================================================================================
DAG File Processing Stats

File Path                                 PID    Runtime      # DAGs    # Errors  Last Runtime    Last Run
----------------------------------------  -----  ---------  --------  ----------  --------------  -------------------
/opt/airflow/dags/api_to_postgres_dag.py                           1           0  5.43s           2025-10-30T08:27:18
================================================================================
[2025-10-30T08:28:13.819+0000] {manager.py:878} INFO - 
================================================================================
DAG File Processing Stats

File Path                                 PID    Runtime      # DAGs    # Errors  Last Runtime    Last Run
----------------------------------------  -----  ---------  --------  ----------  --------------  -------------------
/opt/airflow/dags/api_to_postgres_dag.py                           1           0  2.09s           2025-10-30T08:27:50
================================================================================
[2025-10-30T08:28:44.114+0000] {manager.py:878} INFO - 
================================================================================
DAG File Processing Stats

File Path                                 PID    Runtime      # DAGs    # Errors  Last Runtime    Last Run
----------------------------------------  -----  ---------  --------  ----------  --------------  -------------------
/opt/airflow/dags/api_to_postgres_dag.py                           1           0  0.76s           2025-10-30T08:28:21
================================================================================
[2025-10-30T08:29:14.279+0000] {manager.py:878} INFO - 
================================================================================
DAG File Processing Stats

File Path                                 PID    Runtime      # DAGs    # Errors  Last Runtime    Last Run
----------------------------------------  -----  ---------  --------  ----------  --------------  -------------------
/opt/airflow/dags/api_to_postgres_dag.py                           1           0  0.94s           2025-10-30T08:28:52
================================================================================
[2025-10-30T08:29:44.440+0000] {manager.py:878} INFO - 
================================================================================
DAG File Processing Stats

File Path                                 PID    Runtime      # DAGs    # Errors  Last Runtime    Last Run
----------------------------------------  -----  ---------  --------  ----------  --------------  -------------------
/opt/airflow/dags/api_to_postgres_dag.py                           1           0  0.82s           2025-10-30T08:29:23
================================================================================
[2025-10-30T08:30:14.635+0000] {manager.py:878} INFO - 
================================================================================
DAG File Processing Stats

File Path                                 PID    Runtime      # DAGs    # Errors  Last Runtime    Last Run
----------------------------------------  -----  ---------  --------  ----------  --------------  -------------------
/opt/airflow/dags/api_to_postgres_dag.py                           1           0  0.85s           2025-10-30T08:29:54
================================================================================
[2025-10-30T08:30:44.816+0000] {manager.py:878} INFO - 
================================================================================
DAG File Processing Stats

File Path                                 PID    Runtime      # DAGs    # Errors  Last Runtime    Last Run
----------------------------------------  -----  ---------  --------  ----------  --------------  -------------------
/opt/airflow/dags/api_to_postgres_dag.py                           1           0  0.92s           2025-10-30T08:30:33
================================================================================
[2025-10-30T08:32:19.912+0000] {manager.py:470} INFO - Processing files using up to 2 processes at a time 
[2025-10-30T08:32:19.914+0000] {manager.py:471} INFO - Process each file at most once every 30 seconds
[2025-10-30T08:32:19.916+0000] {manager.py:472} INFO - Checking for new files in /opt/airflow/dags every 300 seconds
[2025-10-30T08:32:19.918+0000] {manager.py:737} INFO - Searching for files in /opt/airflow/dags
[2025-10-30T08:32:20.005+0000] {manager.py:740} INFO - There are 1 files in /opt/airflow/dags
[2025-10-30T08:32:20.352+0000] {manager.py:878} INFO - 
================================================================================
DAG File Processing Stats

File Path                                   PID  Runtime      # DAGs    # Errors  Last Runtime    Last Run
----------------------------------------  -----  ---------  --------  ----------  --------------  ----------
/opt/airflow/dags/api_to_postgres_dag.py    164  0.13s             0           0
================================================================================
[2025-10-30T08:32:50.603+0000] {manager.py:878} INFO - 
================================================================================
DAG File Processing Stats

File Path                                 PID    Runtime      # DAGs    # Errors  Last Runtime    Last Run
----------------------------------------  -----  ---------  --------  ----------  --------------  -------------------
/opt/airflow/dags/api_to_postgres_dag.py                           1           0  10.26s          2025-10-30T08:32:30
================================================================================
[2025-10-30T08:33:20.972+0000] {manager.py:878} INFO - 
================================================================================
DAG File Processing Stats

File Path                                 PID    Runtime      # DAGs    # Errors  Last Runtime    Last Run
----------------------------------------  -----  ---------  --------  ----------  --------------  -------------------
/opt/airflow/dags/api_to_postgres_dag.py                           1           0  1.24s           2025-10-30T08:33:01
================================================================================
[2025-10-30T08:33:51.359+0000] {manager.py:878} INFO - 
================================================================================
DAG File Processing Stats

File Path                                 PID    Runtime      # DAGs    # Errors  Last Runtime    Last Run
----------------------------------------  -----  ---------  --------  ----------  --------------  -------------------
/opt/airflow/dags/api_to_postgres_dag.py                           1           0  1.41s           2025-10-30T08:33:33
================================================================================
[2025-10-30T08:34:21.598+0000] {manager.py:878} INFO - 
================================================================================
DAG File Processing Stats

File Path                                 PID    Runtime      # DAGs    # Errors  Last Runtime    Last Run
----------------------------------------  -----  ---------  --------  ----------  --------------  -------------------
/opt/airflow/dags/api_to_postgres_dag.py                           1           0  0.73s           2025-10-30T08:34:04
================================================================================
[2025-10-30T08:34:51.967+0000] {manager.py:878} INFO - 
================================================================================
DAG File Processing Stats

File Path                                 PID    Runtime      # DAGs    # Errors  Last Runtime    Last Run
----------------------------------------  -----  ---------  --------  ----------  --------------  -------------------
/opt/airflow/dags/api_to_postgres_dag.py                           1           0  1.44s           2025-10-30T08:34:36
================================================================================
[2025-10-30T08:35:22.141+0000] {manager.py:878} INFO - 
================================================================================
DAG File Processing Stats

File Path                                 PID    Runtime      # DAGs    # Errors  Last Runtime    Last Run
----------------------------------------  -----  ---------  --------  ----------  --------------  -------------------
/opt/airflow/dags/api_to_postgres_dag.py                           1           0  0.67s           2025-10-30T08:35:07
================================================================================
[2025-10-30T08:35:52.361+0000] {manager.py:878} INFO - 
================================================================================
DAG File Processing Stats

File Path                                 PID    Runtime      # DAGs    # Errors  Last Runtime    Last Run
----------------------------------------  -----  ---------  --------  ----------  --------------  -------------------
/opt/airflow/dags/api_to_postgres_dag.py                           1           0  0.97s           2025-10-30T08:35:38
================================================================================
[2025-10-30T08:36:22.658+0000] {manager.py:878} INFO - 
================================================================================
DAG File Processing Stats

File Path                                 PID    Runtime      # DAGs    # Errors  Last Runtime    Last Run
----------------------------------------  -----  ---------  --------  ----------  --------------  -------------------
/opt/airflow/dags/api_to_postgres_dag.py                           1           0  0.78s           2025-10-30T08:36:09
================================================================================
[2025-10-30T08:36:52.755+0000] {manager.py:878} INFO - 
================================================================================
DAG File Processing Stats

File Path                                 PID    Runtime      # DAGs    # Errors  Last Runtime    Last Run
----------------------------------------  -----  ---------  --------  ----------  --------------  -------------------
/opt/airflow/dags/api_to_postgres_dag.py                           1           0  0.84s           2025-10-30T08:36:40
================================================================================
[2025-10-30T08:37:19.940+0000] {manager.py:737} INFO - Searching for files in /opt/airflow/dags
[2025-10-30T08:37:19.970+0000] {manager.py:740} INFO - There are 1 files in /opt/airflow/dags
[2025-10-30T08:37:23.006+0000] {manager.py:878} INFO - 
================================================================================
DAG File Processing Stats

File Path                                 PID    Runtime      # DAGs    # Errors  Last Runtime    Last Run
----------------------------------------  -----  ---------  --------  ----------  --------------  -------------------
/opt/airflow/dags/api_to_postgres_dag.py                           1           0  1.05s           2025-10-30T08:37:11
================================================================================
[2025-10-30T08:37:53.275+0000] {manager.py:878} INFO - 
================================================================================
DAG File Processing Stats

File Path                                 PID    Runtime      # DAGs    # Errors  Last Runtime    Last Run
----------------------------------------  -----  ---------  --------  ----------  --------------  -------------------
/opt/airflow/dags/api_to_postgres_dag.py                           1           0  0.63s           2025-10-30T08:37:42
================================================================================
[2025-10-30T08:38:23.455+0000] {manager.py:878} INFO - 
================================================================================
DAG File Processing Stats

File Path                                 PID    Runtime      # DAGs    # Errors  Last Runtime    Last Run
----------------------------------------  -----  ---------  --------  ----------  --------------  -------------------
/opt/airflow/dags/api_to_postgres_dag.py                           1           0  0.75s           2025-10-30T08:38:13
================================================================================
[2025-10-30T08:38:53.638+0000] {manager.py:878} INFO - 
================================================================================
DAG File Processing Stats

File Path                                 PID    Runtime      # DAGs    # Errors  Last Runtime    Last Run
----------------------------------------  -----  ---------  --------  ----------  --------------  -------------------
/opt/airflow/dags/api_to_postgres_dag.py                           1           0  0.69s           2025-10-30T08:38:44
================================================================================
[2025-10-30T08:39:24.062+0000] {manager.py:878} INFO - 
================================================================================
DAG File Processing Stats

File Path                                 PID    Runtime      # DAGs    # Errors  Last Runtime    Last Run
----------------------------------------  -----  ---------  --------  ----------  --------------  -------------------
/opt/airflow/dags/api_to_postgres_dag.py                           1           0  0.57s           2025-10-30T08:39:15
================================================================================
[2025-10-30T08:39:54.257+0000] {manager.py:878} INFO - 
================================================================================
DAG File Processing Stats

File Path                                 PID    Runtime      # DAGs    # Errors  Last Runtime    Last Run
----------------------------------------  -----  ---------  --------  ----------  --------------  -------------------
/opt/airflow/dags/api_to_postgres_dag.py                           1           0  0.62s           2025-10-30T08:39:46
================================================================================
